2023-04-18 20:45:02 INFO  Log:14 - ********************************************
2023-04-18 20:45:02 INFO  Log:15 - ********************************************
2023-04-18 20:45:02 INFO  Log:16 - ************This is the beginning of my Test case************
2023-04-18 20:45:02 INFO  Log:26 - My test case is executing right now
2023-04-18 20:45:02 INFO  Log:30 - My test case might have some trivial issues
2023-04-18 20:45:11 INFO  Log:26 - This test case is about to get completed
2023-04-18 20:45:11 INFO  Log:20 - ############################################
2023-04-18 20:45:11 INFO  Log:21 - ############################################
2023-04-18 20:45:11 INFO  Log:22 - ############This test case is finished############
2023-04-19 14:27:50 INFO  Log:14 - ********************************************
2023-04-19 14:27:50 INFO  Log:15 - ********************************************
2023-04-19 14:27:50 INFO  Log:16 - ************This is the beginning of my Test case************
2023-04-19 14:27:50 INFO  Log:26 - My test case is executing right now
2023-04-19 14:27:50 INFO  Log:30 - My test case might have some trivial issues
2023-04-19 14:27:57 INFO  Log:26 - This test case is about to get completed
2023-04-19 14:27:57 INFO  Log:20 - ############################################
2023-04-19 14:27:57 INFO  Log:21 - ############################################
2023-04-19 14:27:57 INFO  Log:22 - ############This test case is finished############
2023-05-30 21:41:06 INFO  Log:17 - *****************************
2023-05-30 21:41:06 INFO  Log:18 - *****************************
2023-05-30 21:41:06 INFO  Log:19 - ********This is the beginning of my Test case**********
2023-05-30 21:41:06 INFO  Log:32 - My test case is executing right now
2023-05-30 21:41:06 INFO  Log:37 - My test case might have some trivial issues
2023-05-30 21:41:14 INFO  Log:32 - This test case is about to get completed
2023-05-30 21:41:14 INFO  Log:25 - ######################################
2023-05-30 21:41:14 INFO  Log:26 - ######################################
2023-05-30 21:41:14 INFO  Log:27 - #################This test case is finished#####################
